<?xml version="1.0" encoding="UTF-8"?>
<testsuite xmlns:xsi="http://www.w3.org/2001/XMLSchema-instance" xsi:schemaLocation="https://maven.apache.org/surefire/maven-surefire-plugin/xsd/surefire-test-report.xsd" name="TestSuite" time="0.797" tests="8" errors="0" skipped="0" failures="0">
  <properties>
    <property name="java.runtime.name" value="Java(TM) 2 Runtime Environment, Standard Edition"/>
    <property name="sun.boot.library.path" value="/Users/nagrajs/Desktop/MAMP_All/javaNir/macosxx6480sr5fp5hybrid-20171113_01-sdk/jre/lib"/>
    <property name="java.vm.version" value="25.151-b12"/>
    <property name="user.country.format" value="IN"/>
    <property name="gopherProxySet" value="false"/>
    <property name="java.vm.vendor" value="Oracle Corporation"/>
    <property name="maven.multiModuleProjectDirectory" value="/Users/nagrajs/Desktop/MAMP_All/Terminal01"/>
    <property name="java.vendor.url" value="http://java.oracle.com/"/>
    <property name="path.separator" value=":"/>
    <property name="guice.disable.misplaced.annotation.check" value="true"/>
    <property name="java.vm.name" value="Java HotSpot(TM) 64-Bit Server VM"/>
    <property name="file.encoding.pkg" value="sun.io"/>
    <property name="user.country" value="US"/>
    <property name="sun.java.launcher" value="SUN_STANDARD"/>
    <property name="sun.os.patch.level" value="unknown"/>
    <property name="java.vm.specification.name" value="Java Virtual Machine Specification"/>
    <property name="user.dir" value="/Users/nagrajs/Desktop/MAMP_All/Terminal01"/>
    <property name="java.runtime.version" value="1.8.0_151-b12 13_Nov_2017_11_53 Mac OS X x64(SR5 FP5)"/>
    <property name="java.awt.graphicsenv" value="sun.awt.CGraphicsEnvironment"/>
    <property name="java.endorsed.dirs" value="/Users/nagrajs/Desktop/MAMP_All/javaNir/macosxx6480sr5fp5hybrid-20171113_01-sdk/jre/lib/endorsed"/>
    <property name="os.arch" value="x86_64"/>
    <property name="java.io.tmpdir" value="/var/folders/1w/1l08lybx6kv42gqg0c0230tc0000gn/T/"/>
    <property name="line.separator" value="&#10;"/>
    <property name="java.vm.specification.vendor" value="Oracle Corporation"/>
    <property name="os.name" value="Mac OS X"/>
    <property name="classworlds.conf" value="/Users/nagrajs/Desktop/MAMP_All/.metadata/.plugins/org.eclipse.m2e.launching/launches/m2conf6712793348516931583.tmp"/>
    <property name="sun.jnu.encoding" value="UTF-8"/>
    <property name="java.library.path" value="/Users/nagrajs/Library/Java/Extensions:/Library/Java/Extensions:/Network/Library/Java/Extensions:/System/Library/Java/Extensions:/usr/lib/java:."/>
    <property name="java.specification.name" value="Java Platform API Specification"/>
    <property name="java.class.version" value="52.0"/>
    <property name="sun.management.compiler" value="HotSpot 64-Bit Tiered Compilers"/>
    <property name="os.version" value="10.13.6"/>
    <property name="user.home" value="/Users/nagrajs"/>
    <property name="user.timezone" value="Asia/Kolkata"/>
    <property name="java.awt.printerjob" value="sun.lwawt.macosx.CPrinterJob"/>
    <property name="java.specification.version" value="1.8"/>
    <property name="file.encoding" value="UTF-8"/>
    <property name="user.name" value="nagrajs"/>
    <property name="java.class.path" value="/Users/nagrajs/Desktop/Eclipse.app/Contents/Eclipse/plugins/org.eclipse.m2e.maven.runtime_1.7.0.20160603-1931/jars/plexus-classworlds-2.5.2.jar"/>
    <property name="java.vm.specification.version" value="1.8"/>
    <property name="sun.arch.data.model" value="64"/>
    <property name="java.home" value="/Users/nagrajs/Desktop/MAMP_All/javaNir/macosxx6480sr5fp5hybrid-20171113_01-sdk/jre"/>
    <property name="sun.java.command" value="org.codehaus.plexus.classworlds.launcher.Launcher -B test"/>
    <property name="java.specification.vendor" value="Oracle Corporation"/>
    <property name="user.language" value="en"/>
    <property name="awt.toolkit" value="sun.lwawt.macosx.LWCToolkit"/>
    <property name="java.vm.info" value="mixed mode"/>
    <property name="java.version" value="1.8.0_151"/>
    <property name="java.ext.dirs" value="/Users/nagrajs/Library/Java/Extensions:/Users/nagrajs/Desktop/MAMP_All/javaNir/macosxx6480sr5fp5hybrid-20171113_01-sdk/jre/lib/ext:/Library/Java/Extensions:/Network/Library/Java/Extensions:/System/Library/Java/Extensions:/usr/lib/java"/>
    <property name="sun.boot.class.path" value="/Users/nagrajs/Desktop/MAMP_All/javaNir/macosxx6480sr5fp5hybrid-20171113_01-sdk/jre/lib/endorsed/ibmjcefw.jar:/Users/nagrajs/Desktop/MAMP_All/javaNir/macosxx6480sr5fp5hybrid-20171113_01-sdk/jre/lib/endorsed/ibmsaslfw.jar:/Users/nagrajs/Desktop/MAMP_All/javaNir/macosxx6480sr5fp5hybrid-20171113_01-sdk/jre/lib/endorsed/ibmcertpathprovider.jar:/Users/nagrajs/Desktop/MAMP_All/javaNir/macosxx6480sr5fp5hybrid-20171113_01-sdk/jre/lib/endorsed/ibmcertpathfw.jar:/Users/nagrajs/Desktop/MAMP_All/javaNir/macosxx6480sr5fp5hybrid-20171113_01-sdk/jre/lib/endorsed/ibmjsseprovider2.jar:/Users/nagrajs/Desktop/MAMP_All/javaNir/macosxx6480sr5fp5hybrid-20171113_01-sdk/jre/lib/endorsed/xml.jar:/Users/nagrajs/Desktop/MAMP_All/javaNir/macosxx6480sr5fp5hybrid-20171113_01-sdk/jre/lib/endorsed/ibmorbapi.jar:/Users/nagrajs/Desktop/MAMP_All/javaNir/macosxx6480sr5fp5hybrid-20171113_01-sdk/jre/lib/endorsed/ibmorb.jar:/Users/nagrajs/Desktop/MAMP_All/javaNir/macosxx6480sr5fp5hybrid-20171113_01-sdk/jre/lib/endorsed/ibmjssefw.jar:/Users/nagrajs/Desktop/MAMP_All/javaNir/macosxx6480sr5fp5hybrid-20171113_01-sdk/jre/lib/endorsed/ibmsecurity.jar:/Users/nagrajs/Desktop/MAMP_All/javaNir/macosxx6480sr5fp5hybrid-20171113_01-sdk/jre/lib/endorsed/ibmpkcs.jar:/Users/nagrajs/Desktop/MAMP_All/javaNir/macosxx6480sr5fp5hybrid-20171113_01-sdk/jre/lib/endorsed/ibmcfw.jar:/Users/nagrajs/Desktop/MAMP_All/javaNir/macosxx6480sr5fp5hybrid-20171113_01-sdk/jre/lib/endorsed/ibmjgssfw.jar:/Users/nagrajs/Desktop/MAMP_All/javaNir/macosxx6480sr5fp5hybrid-20171113_01-sdk/jre/lib/endorsed/ibmjgssprovider.jar:/Users/nagrajs/Desktop/MAMP_All/javaNir/macosxx6480sr5fp5hybrid-20171113_01-sdk/jre/lib/endorsed/ibmext.jar:/Users/nagrajs/Desktop/MAMP_All/javaNir/macosxx6480sr5fp5hybrid-20171113_01-sdk/jre/lib/resources.jar:/Users/nagrajs/Desktop/MAMP_All/javaNir/macosxx6480sr5fp5hybrid-20171113_01-sdk/jre/lib/rt.jar:/Users/nagrajs/Desktop/MAMP_All/javaNir/macosxx6480sr5fp5hybrid-20171113_01-sdk/jre/lib/sunrsasign.jar:/Users/nagrajs/Desktop/MAMP_All/javaNir/macosxx6480sr5fp5hybrid-20171113_01-sdk/jre/lib/jsse.jar:/Users/nagrajs/Desktop/MAMP_All/javaNir/macosxx6480sr5fp5hybrid-20171113_01-sdk/jre/lib/jce.jar:/Users/nagrajs/Desktop/MAMP_All/javaNir/macosxx6480sr5fp5hybrid-20171113_01-sdk/jre/lib/charsets.jar:/Users/nagrajs/Desktop/MAMP_All/javaNir/macosxx6480sr5fp5hybrid-20171113_01-sdk/jre/lib/jfr.jar:/Users/nagrajs/Desktop/MAMP_All/javaNir/macosxx6480sr5fp5hybrid-20171113_01-sdk/jre/classes"/>
    <property name="java.vendor" value="Oracle Corporation"/>
    <property name="maven.home" value="/Users/nagrajs/Desktop/MAMP_All/Terminal01/EMBEDDED"/>
    <property name="file.separator" value="/"/>
    <property name="java.vendor.url.bug" value="http://bugreport.sun.com/bugreport/"/>
    <property name="sun.cpu.endian" value="little"/>
    <property name="sun.io.unicode.encoding" value="UnicodeBig"/>
    <property name="sun.cpu.isalist" value=""/>
  </properties>
  <testcase name="m5" classname="com.qa.mamp.tests.Test2" time="0.008"/>
  <testcase name="m6" classname="com.qa.mamp.tests.Test2" time="0"/>
  <testcase name="m7" classname="com.qa.mamp.tests.Test2" time="0.002"/>
  <testcase name="m8" classname="com.qa.mamp.tests.Test2" time="0.002"/>
  <testcase name="m1" classname="com.qa.mamp.tests.Test1" time="0.001"/>
  <testcase name="m2" classname="com.qa.mamp.tests.Test1" time="0"/>
  <testcase name="m3" classname="com.qa.mamp.tests.Test1" time="0"/>
  <testcase name="m4" classname="com.qa.mamp.tests.Test1" time="0"/>
</testsuite>