<?xml version="1.0" encoding="UTF-8"?>
<!-- Generated by org.testng.reporters.JUnitReportReporter -->
<testsuite skipped="0" hostname="Nagrajs-Air.domain.name" name="com.qa.mamp.tests.Test2" tests="4" failures="0" timestamp="29 Nov 2018 19:14:05 GMT" time="0.027" errors="0">
  <testcase name="m5" time="0.018" classname="com.qa.mamp.tests.Test2"/>
  <testcase name="m8" time="0.005" classname="com.qa.mamp.tests.Test2"/>
  <testcase name="m6" time="0.001" classname="com.qa.mamp.tests.Test2"/>
  <testcase name="m7" time="0.003" classname="com.qa.mamp.tests.Test2"/>
</testsuite> <!-- com.qa.mamp.tests.Test2 -->
