<?xml version="1.0" encoding="UTF-8"?>
<!-- Generated by org.testng.reporters.JUnitReportReporter -->
<testsuite skipped="0" hostname="Nagrajs-Air.domain.name" name="com.qa.mamp.tests.Test3" tests="4" failures="0" timestamp="29 Nov 2018 19:14:05 GMT" time="0.009" errors="0">
  <testcase name="m44" time="0.002" classname="com.qa.mamp.tests.Test3"/>
  <testcase name="m11" time="0.001" classname="com.qa.mamp.tests.Test3"/>
  <testcase name="m33" time="0.002" classname="com.qa.mamp.tests.Test3"/>
  <testcase name="m22" time="0.004" classname="com.qa.mamp.tests.Test3"/>
</testsuite> <!-- com.qa.mamp.tests.Test3 -->
