<?xml version="1.0" encoding="UTF-8"?>
<!-- Generated by org.testng.reporters.JUnitReportReporter -->
<testsuite skipped="0" hostname="Nagrajs-Air.domain.name" name="com.qa.mamp.tests.Test1" tests="4" failures="0" timestamp="29 Nov 2018 18:38:19 GMT" time="0.018" errors="0">
  <testcase name="m4" time="0.001" classname="com.qa.mamp.tests.Test1"/>
  <testcase name="m2" time="0.002" classname="com.qa.mamp.tests.Test1"/>
  <testcase name="m3" time="0.003" classname="com.qa.mamp.tests.Test1"/>
  <testcase name="m1" time="0.012" classname="com.qa.mamp.tests.Test1"/>
</testsuite> <!-- com.qa.mamp.tests.Test1 -->
