<?xml version="1.0" encoding="UTF-8"?>
<!-- Generated by org.testng.reporters.JUnitReportReporter -->
<testsuite hostname="Nagrajs-Air.domain.name" name="com.qa.mamp.tests.Test2" tests="4" failures="0" timestamp="29 Nov 2018 18:38:36 GMT" time="0.014" errors="0">
  <testcase name="m5" time="0.008" classname="com.qa.mamp.tests.Test2"/>
  <testcase name="m8" time="0.002" classname="com.qa.mamp.tests.Test2"/>
  <testcase name="m6" time="0.002" classname="com.qa.mamp.tests.Test2"/>
  <testcase name="m7" time="0.002" classname="com.qa.mamp.tests.Test2"/>
</testsuite> <!-- com.qa.mamp.tests.Test2 -->
